13:36:47 INFO  : Registering command handlers for SDK TCF services
13:36:49 INFO  : Launching XSCT server: xsct.bat -interactive C:\Zynq_Book\led_controller\led_controller.sdk\temp_xsdb_launch_script.tcl
13:36:53 INFO  : XSCT server has started successfully.
13:36:54 INFO  : Successfully done setting XSCT server connection channel  
13:36:54 INFO  : Successfully done setting SDK workspace  
13:36:54 INFO  : Processing command line option -hwspec C:/Zynq_Book/led_controller/led_controller.sdk/led_test_system_wrapper.hdf.
13:38:43 INFO  : Saving repository preferences.
13:38:43 INFO  : Reading in cores from local repositories: 
		 C:\Zynq_Book\ip_repo\led_controller_1.0
13:38:43 INFO  : Cleaning BSP projects in the workspace.
13:39:31 INFO  : No changes in MSS file content so not generating sources.
13:45:37 INFO  : Connected to target on host '127.0.0.1' and port '3121'.
13:45:39 INFO  : 'targets -set -filter {jtag_cable_name =~ "Digilent Zybo 210279759083A" && level==0} -index 1' command is executed.
13:45:41 INFO  : FPGA configured successfully with bitstream "C:/Zynq_Book/led_controller/led_controller.sdk/led_test_system_wrapper_hw_platform_0/led_test_system_wrapper.bit"
13:45:57 INFO  : 'targets -set -filter {jtag_cable_name =~ "Digilent Zybo 210279759083A" && level==0} -index 1' command is executed.
13:45:57 INFO  : 'fpga -state' command is executed.
13:45:57 INFO  : Connected to target on host '127.0.0.1' and port '3121'.
13:45:57 INFO  : Jtag cable 'Digilent Zybo 210279759083A' is selected.
13:45:57 INFO  : 'jtag frequency' command is executed.
13:45:57 INFO  : Sourcing of 'C:/Zynq_Book/led_controller/led_controller.sdk/led_test_system_wrapper_hw_platform_0/ps7_init.tcl' is done.
13:45:57 INFO  : Context for 'APU' is selected.
13:45:57 INFO  : Hardware design information is loaded from 'C:/Zynq_Book/led_controller/led_controller.sdk/led_test_system_wrapper_hw_platform_0/system.hdf'.
13:45:57 INFO  : 'configparams force-mem-access 1' command is executed.
13:45:57 INFO  : Context for 'APU' is selected.
13:45:57 INFO  : 'stop' command is executed.
13:45:58 INFO  : 'ps7_init' command is executed.
13:45:58 INFO  : 'ps7_post_config' command is executed.
13:45:58 INFO  : Context for processor 'ps7_cortexa9_0' is selected.
13:45:58 INFO  : Processor reset is completed for 'ps7_cortexa9_0'.
13:45:58 INFO  : Context for processor 'ps7_cortexa9_0' is selected.
13:45:58 INFO  : The application 'C:/Zynq_Book/led_controller/led_controller.sdk/led_controller_test/Debug/led_controller_test.elf' is downloaded to processor 'ps7_cortexa9_0'.
13:45:58 INFO  : 'configparams force-mem-access 0' command is executed.
13:45:58 INFO  : ----------------XSDB Script----------------
connect -url tcp:127.0.0.1:3121
source C:/Zynq_Book/led_controller/led_controller.sdk/led_test_system_wrapper_hw_platform_0/ps7_init.tcl
targets -set -nocase -filter {name =~"APU*" && jtag_cable_name =~ "Digilent Zybo 210279759083A"} -index 0
loadhw -hw C:/Zynq_Book/led_controller/led_controller.sdk/led_test_system_wrapper_hw_platform_0/system.hdf -mem-ranges [list {0x40000000 0xbfffffff}]
configparams force-mem-access 1
targets -set -nocase -filter {name =~"APU*" && jtag_cable_name =~ "Digilent Zybo 210279759083A"} -index 0
stop
ps7_init
ps7_post_config
targets -set -nocase -filter {name =~ "ARM*#0" && jtag_cable_name =~ "Digilent Zybo 210279759083A"} -index 0
rst -processor
targets -set -nocase -filter {name =~ "ARM*#0" && jtag_cable_name =~ "Digilent Zybo 210279759083A"} -index 0
dow C:/Zynq_Book/led_controller/led_controller.sdk/led_controller_test/Debug/led_controller_test.elf
configparams force-mem-access 0
----------------End of Script----------------

13:45:59 INFO  : Memory regions updated for context APU
13:45:59 INFO  : Context for processor 'ps7_cortexa9_0' is selected.
13:45:59 INFO  : 'con' command is executed.
13:45:59 INFO  : ----------------XSDB Script (After Launch)----------------
targets -set -nocase -filter {name =~ "ARM*#0" && jtag_cable_name =~ "Digilent Zybo 210279759083A"} -index 0
con
----------------End of Script----------------

13:45:59 INFO  : Launch script is exported to file 'C:\Zynq_Book\led_controller\led_controller.sdk\.sdk\launch_scripts\xilinx_c-c++_application_(system_debugger)\system_debugger_using_debug_led_controller_test.elf_on_local.tcl'
01:08:06 INFO  : Disconnected from the channel tcfchan#1.
